<?xml version="1.0" encoding="UTF-8"?>
<!-- Generated by org.testng.reporters.JUnitReportReporter -->
<testsuite skipped="0" hostname="PC369581" name="com.mycompany.app.Testartifact.oneTest" tests="2" failures="0" timestamp="21 Sep 2018 05:34:39 GMT" time="0.012" errors="0">
  <testcase name="testone" time="0.010" classname="com.mycompany.app.Testartifact.oneTest"/>
  <testcase name="testtwo" time="0.002" classname="com.mycompany.app.Testartifact.oneTest"/>
</testsuite> <!-- com.mycompany.app.Testartifact.oneTest -->
