<?xml version="1.0" encoding="UTF-8"?>
<!-- Generated by org.testng.reporters.JUnitReportReporter -->
<testsuite hostname="Jagadeeshs-MBP" failures="0" tests="2" name="com.mycompany.app.Testartifact.AppTest" time="93.768" errors="0" timestamp="16 Oct 2022 15:23:14 GMT" skipped="0">
  <testcase classname="com.mycompany.app.Testartifact.AppTest" name="login" time="48.396"/>
  <testcase classname="com.mycompany.app.Testartifact.AppTest" name="login" time="45.372"/>
</testsuite> <!-- com.mycompany.app.Testartifact.AppTest -->
